2023-10-03T10:18:23.066Z [Modules] Modules initializing
2023-10-03T10:18:23.068Z [Modules] Distribution: remote
2023-10-03T10:18:23.068Z [Modules] Host updates: disabled
2023-10-03T10:18:23.068Z [Modules] Module updates: enabled
2023-10-03T10:18:23.069Z [Modules] Module install path: /home/tayron/.config/discord/0.0.30/modules
2023-10-03T10:18:23.069Z [Modules] Module installed file path: /home/tayron/.config/discord/0.0.30/modules/installed.json
2023-10-03T10:18:23.069Z [Modules] Module download path: /home/tayron/.config/discord/0.0.30/modules/pending
2023-10-03T10:18:23.436Z [Modules] Bootstrapping...
2023-10-03T10:18:23.438Z [Modules] Installing discord_desktop_core@0 from /nix/store/hd0zdy17h5fqh9488r1f25qwfl8iblyn-discord-0.0.30/opt/Discord/resources/bootstrap/discord_desktop_core.zip
2023-10-03T10:18:23.443Z [Modules] Failed installing discord_desktop_core@0: Error: ENOENT: no such file or directory, open '/nix/store/hd0zdy17h5fqh9488r1f25qwfl8iblyn-discord-0.0.30/opt/Discord/resources/bootstrap/discord_desktop_core.zip'
2023-10-03T10:18:23.444Z [Modules] Installing discord_erlpack@0 from /nix/store/hd0zdy17h5fqh9488r1f25qwfl8iblyn-discord-0.0.30/opt/Discord/resources/bootstrap/discord_erlpack.zip
2023-10-03T10:18:23.446Z [Modules] Failed installing discord_erlpack@0: Error: ENOENT: no such file or directory, open '/nix/store/hd0zdy17h5fqh9488r1f25qwfl8iblyn-discord-0.0.30/opt/Discord/resources/bootstrap/discord_erlpack.zip'
2023-10-03T10:18:23.447Z [Modules] Installing discord_spellcheck@0 from /nix/store/hd0zdy17h5fqh9488r1f25qwfl8iblyn-discord-0.0.30/opt/Discord/resources/bootstrap/discord_spellcheck.zip
2023-10-03T10:18:23.448Z [Modules] Failed installing discord_spellcheck@0: Error: ENOENT: no such file or directory, open '/nix/store/hd0zdy17h5fqh9488r1f25qwfl8iblyn-discord-0.0.30/opt/Discord/resources/bootstrap/discord_spellcheck.zip'
2023-10-03T10:18:23.449Z [Modules] Installing discord_utils@0 from /nix/store/hd0zdy17h5fqh9488r1f25qwfl8iblyn-discord-0.0.30/opt/Discord/resources/bootstrap/discord_utils.zip
2023-10-03T10:18:23.450Z [Modules] Failed installing discord_utils@0: Error: ENOENT: no such file or directory, open '/nix/store/hd0zdy17h5fqh9488r1f25qwfl8iblyn-discord-0.0.30/opt/Discord/resources/bootstrap/discord_utils.zip'
2023-10-03T10:18:23.451Z [Modules] Installing discord_voice@0 from /nix/store/hd0zdy17h5fqh9488r1f25qwfl8iblyn-discord-0.0.30/opt/Discord/resources/bootstrap/discord_voice.zip
2023-10-03T10:18:23.453Z [Modules] Failed installing discord_voice@0: Error: ENOENT: no such file or directory, open '/nix/store/hd0zdy17h5fqh9488r1f25qwfl8iblyn-discord-0.0.30/opt/Discord/resources/bootstrap/discord_voice.zip'
2023-10-03T10:18:23.453Z [Modules] Finished module installations. [success: 0] [failure: 5]
2023-10-03T10:18:23.454Z [Modules] Host is up to date.
2023-10-03T10:18:23.454Z [Modules] Checking for module updates at https://discord.com/api/modules/stable/versions.json
2023-10-03T10:18:23.724Z [Modules] Module update available: discord_desktop_core@1 [installed: 0]
2023-10-03T10:18:23.725Z [Modules] Module update available: discord_erlpack@1 [installed: 0]
2023-10-03T10:18:23.725Z [Modules] Module update available: discord_spellcheck@1 [installed: 0]
2023-10-03T10:18:23.725Z [Modules] Module update available: discord_utils@1 [installed: 0]
2023-10-03T10:18:23.725Z [Modules] Module update available: discord_voice@4 [installed: 0]
2023-10-03T10:18:23.725Z [Modules] Fetching discord_desktop_core@1 from https://discord.com/api/modules/stable/discord_desktop_core/1
2023-10-03T10:18:23.726Z [Modules] Streaming discord_desktop_core@1 to /home/tayron/.config/discord/0.0.30/modules/pending/discord_desktop_core-1.zip
2023-10-03T10:18:24.026Z [Modules] Streaming discord_desktop_core@1 to /home/tayron/.config/discord/0.0.30/modules/pending/discord_desktop_core-1.zip: 1%
2023-10-03T10:18:24.030Z [Modules] Streaming discord_desktop_core@1 to /home/tayron/.config/discord/0.0.30/modules/pending/discord_desktop_core-1.zip: 2%
2023-10-03T10:18:24.036Z [Modules] Streaming discord_desktop_core@1 to /home/tayron/.config/discord/0.0.30/modules/pending/discord_desktop_core-1.zip: 3%
2023-10-03T10:18:24.040Z [Modules] Streaming discord_desktop_core@1 to /home/tayron/.config/discord/0.0.30/modules/pending/discord_desktop_core-1.zip: 4%
2023-10-03T10:18:24.043Z [Modules] Streaming discord_desktop_core@1 to /home/tayron/.config/discord/0.0.30/modules/pending/discord_desktop_core-1.zip: 5%
2023-10-03T10:18:24.046Z [Modules] Streaming discord_desktop_core@1 to /home/tayron/.config/discord/0.0.30/modules/pending/discord_desktop_core-1.zip: 6%
2023-10-03T10:18:24.050Z [Modules] Streaming discord_desktop_core@1 to /home/tayron/.config/discord/0.0.30/modules/pending/discord_desktop_core-1.zip: 7%
2023-10-03T10:18:24.053Z [Modules] Streaming discord_desktop_core@1 to /home/tayron/.config/discord/0.0.30/modules/pending/discord_desktop_core-1.zip: 8%
2023-10-03T10:18:24.056Z [Modules] Streaming discord_desktop_core@1 to /home/tayron/.config/discord/0.0.30/modules/pending/discord_desktop_core-1.zip: 10%
2023-10-03T10:18:24.059Z [Modules] Streaming discord_desktop_core@1 to /home/tayron/.config/discord/0.0.30/modules/pending/discord_desktop_core-1.zip: 12%
2023-10-03T10:18:24.063Z [Modules] Streaming discord_desktop_core@1 to /home/tayron/.config/discord/0.0.30/modules/pending/discord_desktop_core-1.zip: 13%
2023-10-03T10:18:24.066Z [Modules] Streaming discord_desktop_core@1 to /home/tayron/.config/discord/0.0.30/modules/pending/discord_desktop_core-1.zip: 15%
2023-10-03T10:18:24.069Z [Modules] Streaming discord_desktop_core@1 to /home/tayron/.config/discord/0.0.30/modules/pending/discord_desktop_core-1.zip: 17%
2023-10-03T10:18:24.075Z [Modules] Streaming discord_desktop_core@1 to /home/tayron/.config/discord/0.0.30/modules/pending/discord_desktop_core-1.zip: 18%
2023-10-03T10:18:24.092Z [Modules] Streaming discord_desktop_core@1 to /home/tayron/.config/discord/0.0.30/modules/pending/discord_desktop_core-1.zip: 19%
2023-10-03T10:18:24.095Z [Modules] Streaming discord_desktop_core@1 to /home/tayron/.config/discord/0.0.30/modules/pending/discord_desktop_core-1.zip: 20%
2023-10-03T10:18:24.099Z [Modules] Streaming discord_desktop_core@1 to /home/tayron/.config/discord/0.0.30/modules/pending/discord_desktop_core-1.zip: 23%
2023-10-03T10:18:24.102Z [Modules] Streaming discord_desktop_core@1 to /home/tayron/.config/discord/0.0.30/modules/pending/discord_desktop_core-1.zip: 24%
2023-10-03T10:18:24.105Z [Modules] Streaming discord_desktop_core@1 to /home/tayron/.config/discord/0.0.30/modules/pending/discord_desktop_core-1.zip: 27%
2023-10-03T10:18:24.108Z [Modules] Streaming discord_desktop_core@1 to /home/tayron/.config/discord/0.0.30/modules/pending/discord_desktop_core-1.zip: 28%
2023-10-03T10:18:24.111Z [Modules] Streaming discord_desktop_core@1 to /home/tayron/.config/discord/0.0.30/modules/pending/discord_desktop_core-1.zip: 30%
2023-10-03T10:18:24.115Z [Modules] Streaming discord_desktop_core@1 to /home/tayron/.config/discord/0.0.30/modules/pending/discord_desktop_core-1.zip: 32%
2023-10-03T10:18:24.118Z [Modules] Streaming discord_desktop_core@1 to /home/tayron/.config/discord/0.0.30/modules/pending/discord_desktop_core-1.zip: 34%
2023-10-03T10:18:24.121Z [Modules] Streaming discord_desktop_core@1 to /home/tayron/.config/discord/0.0.30/modules/pending/discord_desktop_core-1.zip: 36%
2023-10-03T10:18:24.125Z [Modules] Streaming discord_desktop_core@1 to /home/tayron/.config/discord/0.0.30/modules/pending/discord_desktop_core-1.zip: 37%
2023-10-03T10:18:24.128Z [Modules] Streaming discord_desktop_core@1 to /home/tayron/.config/discord/0.0.30/modules/pending/discord_desktop_core-1.zip: 40%
2023-10-03T10:18:24.131Z [Modules] Streaming discord_desktop_core@1 to /home/tayron/.config/discord/0.0.30/modules/pending/discord_desktop_core-1.zip: 41%
2023-10-03T10:18:24.135Z [Modules] Streaming discord_desktop_core@1 to /home/tayron/.config/discord/0.0.30/modules/pending/discord_desktop_core-1.zip: 42%
2023-10-03T10:18:24.138Z [Modules] Streaming discord_desktop_core@1 to /home/tayron/.config/discord/0.0.30/modules/pending/discord_desktop_core-1.zip: 43%
2023-10-03T10:18:24.141Z [Modules] Streaming discord_desktop_core@1 to /home/tayron/.config/discord/0.0.30/modules/pending/discord_desktop_core-1.zip: 44%
2023-10-03T10:18:24.147Z [Modules] Streaming discord_desktop_core@1 to /home/tayron/.config/discord/0.0.30/modules/pending/discord_desktop_core-1.zip: 47%
2023-10-03T10:18:24.151Z [Modules] Streaming discord_desktop_core@1 to /home/tayron/.config/discord/0.0.30/modules/pending/discord_desktop_core-1.zip: 48%
2023-10-03T10:18:24.154Z [Modules] Streaming discord_desktop_core@1 to /home/tayron/.config/discord/0.0.30/modules/pending/discord_desktop_core-1.zip: 50%
2023-10-03T10:18:24.157Z [Modules] Streaming discord_desktop_core@1 to /home/tayron/.config/discord/0.0.30/modules/pending/discord_desktop_core-1.zip: 51%
2023-10-03T10:18:24.214Z [Modules] Streaming discord_desktop_core@1 to /home/tayron/.config/discord/0.0.30/modules/pending/discord_desktop_core-1.zip: 54%
2023-10-03T10:18:24.218Z [Modules] Streaming discord_desktop_core@1 to /home/tayron/.config/discord/0.0.30/modules/pending/discord_desktop_core-1.zip: 55%
2023-10-03T10:18:24.221Z [Modules] Streaming discord_desktop_core@1 to /home/tayron/.config/discord/0.0.30/modules/pending/discord_desktop_core-1.zip: 57%
2023-10-03T10:18:24.224Z [Modules] Streaming discord_desktop_core@1 to /home/tayron/.config/discord/0.0.30/modules/pending/discord_desktop_core-1.zip: 58%
2023-10-03T10:18:24.241Z [Modules] Streaming discord_desktop_core@1 to /home/tayron/.config/discord/0.0.30/modules/pending/discord_desktop_core-1.zip: 59%
2023-10-03T10:18:24.244Z [Modules] Streaming discord_desktop_core@1 to /home/tayron/.config/discord/0.0.30/modules/pending/discord_desktop_core-1.zip: 60%
2023-10-03T10:18:24.246Z [Modules] Streaming discord_desktop_core@1 to /home/tayron/.config/discord/0.0.30/modules/pending/discord_desktop_core-1.zip: 63%
2023-10-03T10:18:24.247Z [Modules] Streaming discord_desktop_core@1 to /home/tayron/.config/discord/0.0.30/modules/pending/discord_desktop_core-1.zip: 68%
2023-10-03T10:18:24.251Z [Modules] Streaming discord_desktop_core@1 to /home/tayron/.config/discord/0.0.30/modules/pending/discord_desktop_core-1.zip: 69%
2023-10-03T10:18:24.254Z [Modules] Streaming discord_desktop_core@1 to /home/tayron/.config/discord/0.0.30/modules/pending/discord_desktop_core-1.zip: 71%
2023-10-03T10:18:24.260Z [Modules] Streaming discord_desktop_core@1 to /home/tayron/.config/discord/0.0.30/modules/pending/discord_desktop_core-1.zip: 73%
2023-10-03T10:18:24.263Z [Modules] Streaming discord_desktop_core@1 to /home/tayron/.config/discord/0.0.30/modules/pending/discord_desktop_core-1.zip: 76%
2023-10-03T10:18:24.267Z [Modules] Streaming discord_desktop_core@1 to /home/tayron/.config/discord/0.0.30/modules/pending/discord_desktop_core-1.zip: 77%
2023-10-03T10:18:24.270Z [Modules] Streaming discord_desktop_core@1 to /home/tayron/.config/discord/0.0.30/modules/pending/discord_desktop_core-1.zip: 79%
2023-10-03T10:18:24.276Z [Modules] Streaming discord_desktop_core@1 to /home/tayron/.config/discord/0.0.30/modules/pending/discord_desktop_core-1.zip: 80%
2023-10-03T10:18:24.280Z [Modules] Streaming discord_desktop_core@1 to /home/tayron/.config/discord/0.0.30/modules/pending/discord_desktop_core-1.zip: 83%
2023-10-03T10:18:24.286Z [Modules] Streaming discord_desktop_core@1 to /home/tayron/.config/discord/0.0.30/modules/pending/discord_desktop_core-1.zip: 86%
2023-10-03T10:18:24.289Z [Modules] Streaming discord_desktop_core@1 to /home/tayron/.config/discord/0.0.30/modules/pending/discord_desktop_core-1.zip: 87%
2023-10-03T10:18:24.293Z [Modules] Streaming discord_desktop_core@1 to /home/tayron/.config/discord/0.0.30/modules/pending/discord_desktop_core-1.zip: 90%
2023-10-03T10:18:24.296Z [Modules] Streaming discord_desktop_core@1 to /home/tayron/.config/discord/0.0.30/modules/pending/discord_desktop_core-1.zip: 92%
2023-10-03T10:18:24.300Z [Modules] Streaming discord_desktop_core@1 to /home/tayron/.config/discord/0.0.30/modules/pending/discord_desktop_core-1.zip: 93%
2023-10-03T10:18:24.303Z [Modules] Streaming discord_desktop_core@1 to /home/tayron/.config/discord/0.0.30/modules/pending/discord_desktop_core-1.zip: 95%
2023-10-03T10:18:24.306Z [Modules] Streaming discord_desktop_core@1 to /home/tayron/.config/discord/0.0.30/modules/pending/discord_desktop_core-1.zip: 97%
2023-10-03T10:18:24.309Z [Modules] Streaming discord_desktop_core@1 to /home/tayron/.config/discord/0.0.30/modules/pending/discord_desktop_core-1.zip: 99%
2023-10-03T10:18:24.311Z [Modules] Streaming discord_desktop_core@1 to /home/tayron/.config/discord/0.0.30/modules/pending/discord_desktop_core-1.zip: 100%
2023-10-03T10:18:24.314Z [Modules] Fetching discord_erlpack@1 from https://discord.com/api/modules/stable/discord_erlpack/1
2023-10-03T10:18:24.314Z [Modules] Streaming discord_erlpack@1 to /home/tayron/.config/discord/0.0.30/modules/pending/discord_erlpack-1.zip
2023-10-03T10:18:24.750Z [Modules] Streaming discord_erlpack@1 to /home/tayron/.config/discord/0.0.30/modules/pending/discord_erlpack-1.zip: 2%
2023-10-03T10:18:24.754Z [Modules] Streaming discord_erlpack@1 to /home/tayron/.config/discord/0.0.30/modules/pending/discord_erlpack-1.zip: 3%
2023-10-03T10:18:24.757Z [Modules] Streaming discord_erlpack@1 to /home/tayron/.config/discord/0.0.30/modules/pending/discord_erlpack-1.zip: 5%
2023-10-03T10:18:24.760Z [Modules] Streaming discord_erlpack@1 to /home/tayron/.config/discord/0.0.30/modules/pending/discord_erlpack-1.zip: 7%
2023-10-03T10:18:24.763Z [Modules] Streaming discord_erlpack@1 to /home/tayron/.config/discord/0.0.30/modules/pending/discord_erlpack-1.zip: 10%
2023-10-03T10:18:24.767Z [Modules] Streaming discord_erlpack@1 to /home/tayron/.config/discord/0.0.30/modules/pending/discord_erlpack-1.zip: 11%
2023-10-03T10:18:24.773Z [Modules] Streaming discord_erlpack@1 to /home/tayron/.config/discord/0.0.30/modules/pending/discord_erlpack-1.zip: 12%
2023-10-03T10:18:24.786Z [Modules] Streaming discord_erlpack@1 to /home/tayron/.config/discord/0.0.30/modules/pending/discord_erlpack-1.zip: 14%
2023-10-03T10:18:24.789Z [Modules] Streaming discord_erlpack@1 to /home/tayron/.config/discord/0.0.30/modules/pending/discord_erlpack-1.zip: 16%
2023-10-03T10:18:24.793Z [Modules] Streaming discord_erlpack@1 to /home/tayron/.config/discord/0.0.30/modules/pending/discord_erlpack-1.zip: 17%
2023-10-03T10:18:24.796Z [Modules] Streaming discord_erlpack@1 to /home/tayron/.config/discord/0.0.30/modules/pending/discord_erlpack-1.zip: 20%
2023-10-03T10:18:24.799Z [Modules] Streaming discord_erlpack@1 to /home/tayron/.config/discord/0.0.30/modules/pending/discord_erlpack-1.zip: 22%
2023-10-03T10:18:24.803Z [Modules] Streaming discord_erlpack@1 to /home/tayron/.config/discord/0.0.30/modules/pending/discord_erlpack-1.zip: 24%
2023-10-03T10:18:24.806Z [Modules] Streaming discord_erlpack@1 to /home/tayron/.config/discord/0.0.30/modules/pending/discord_erlpack-1.zip: 27%
2023-10-03T10:18:24.809Z [Modules] Streaming discord_erlpack@1 to /home/tayron/.config/discord/0.0.30/modules/pending/discord_erlpack-1.zip: 29%
2023-10-03T10:18:24.812Z [Modules] Streaming discord_erlpack@1 to /home/tayron/.config/discord/0.0.30/modules/pending/discord_erlpack-1.zip: 31%
2023-10-03T10:18:24.815Z [Modules] Streaming discord_erlpack@1 to /home/tayron/.config/discord/0.0.30/modules/pending/discord_erlpack-1.zip: 32%
2023-10-03T10:18:24.819Z [Modules] Streaming discord_erlpack@1 to /home/tayron/.config/discord/0.0.30/modules/pending/discord_erlpack-1.zip: 35%
2023-10-03T10:18:24.825Z [Modules] Streaming discord_erlpack@1 to /home/tayron/.config/discord/0.0.30/modules/pending/discord_erlpack-1.zip: 37%
2023-10-03T10:18:24.829Z [Modules] Streaming discord_erlpack@1 to /home/tayron/.config/discord/0.0.30/modules/pending/discord_erlpack-1.zip: 40%
2023-10-03T10:18:24.832Z [Modules] Streaming discord_erlpack@1 to /home/tayron/.config/discord/0.0.30/modules/pending/discord_erlpack-1.zip: 42%
2023-10-03T10:18:24.835Z [Modules] Streaming discord_erlpack@1 to /home/tayron/.config/discord/0.0.30/modules/pending/discord_erlpack-1.zip: 44%
2023-10-03T10:18:24.839Z [Modules] Streaming discord_erlpack@1 to /home/tayron/.config/discord/0.0.30/modules/pending/discord_erlpack-1.zip: 47%
2023-10-03T10:18:24.842Z [Modules] Streaming discord_erlpack@1 to /home/tayron/.config/discord/0.0.30/modules/pending/discord_erlpack-1.zip: 48%
2023-10-03T10:18:24.845Z [Modules] Streaming discord_erlpack@1 to /home/tayron/.config/discord/0.0.30/modules/pending/discord_erlpack-1.zip: 50%
2023-10-03T10:18:24.852Z [Modules] Streaming discord_erlpack@1 to /home/tayron/.config/discord/0.0.30/modules/pending/discord_erlpack-1.zip: 53%
2023-10-03T10:18:24.855Z [Modules] Streaming discord_erlpack@1 to /home/tayron/.config/discord/0.0.30/modules/pending/discord_erlpack-1.zip: 55%
2023-10-03T10:18:24.858Z [Modules] Streaming discord_erlpack@1 to /home/tayron/.config/discord/0.0.30/modules/pending/discord_erlpack-1.zip: 57%
2023-10-03T10:18:24.861Z [Modules] Streaming discord_erlpack@1 to /home/tayron/.config/discord/0.0.30/modules/pending/discord_erlpack-1.zip: 59%
2023-10-03T10:18:24.865Z [Modules] Streaming discord_erlpack@1 to /home/tayron/.config/discord/0.0.30/modules/pending/discord_erlpack-1.zip: 61%
2023-10-03T10:18:24.868Z [Modules] Streaming discord_erlpack@1 to /home/tayron/.config/discord/0.0.30/modules/pending/discord_erlpack-1.zip: 63%
2023-10-03T10:18:24.874Z [Modules] Streaming discord_erlpack@1 to /home/tayron/.config/discord/0.0.30/modules/pending/discord_erlpack-1.zip: 65%
2023-10-03T10:18:24.877Z [Modules] Streaming discord_erlpack@1 to /home/tayron/.config/discord/0.0.30/modules/pending/discord_erlpack-1.zip: 67%
2023-10-03T10:18:24.881Z [Modules] Streaming discord_erlpack@1 to /home/tayron/.config/discord/0.0.30/modules/pending/discord_erlpack-1.zip: 70%
2023-10-03T10:18:24.884Z [Modules] Streaming discord_erlpack@1 to /home/tayron/.config/discord/0.0.30/modules/pending/discord_erlpack-1.zip: 71%
2023-10-03T10:18:24.887Z [Modules] Streaming discord_erlpack@1 to /home/tayron/.config/discord/0.0.30/modules/pending/discord_erlpack-1.zip: 72%
2023-10-03T10:18:24.890Z [Modules] Streaming discord_erlpack@1 to /home/tayron/.config/discord/0.0.30/modules/pending/discord_erlpack-1.zip: 74%
2023-10-03T10:18:24.894Z [Modules] Streaming discord_erlpack@1 to /home/tayron/.config/discord/0.0.30/modules/pending/discord_erlpack-1.zip: 75%
2023-10-03T10:18:24.897Z [Modules] Streaming discord_erlpack@1 to /home/tayron/.config/discord/0.0.30/modules/pending/discord_erlpack-1.zip: 77%
2023-10-03T10:18:24.901Z [Modules] Streaming discord_erlpack@1 to /home/tayron/.config/discord/0.0.30/modules/pending/discord_erlpack-1.zip: 79%
2023-10-03T10:18:24.904Z [Modules] Streaming discord_erlpack@1 to /home/tayron/.config/discord/0.0.30/modules/pending/discord_erlpack-1.zip: 82%
2023-10-03T10:18:24.907Z [Modules] Streaming discord_erlpack@1 to /home/tayron/.config/discord/0.0.30/modules/pending/discord_erlpack-1.zip: 84%
2023-10-03T10:18:24.910Z [Modules] Streaming discord_erlpack@1 to /home/tayron/.config/discord/0.0.30/modules/pending/discord_erlpack-1.zip: 86%
2023-10-03T10:18:24.917Z [Modules] Streaming discord_erlpack@1 to /home/tayron/.config/discord/0.0.30/modules/pending/discord_erlpack-1.zip: 87%
2023-10-03T10:18:24.920Z [Modules] Streaming discord_erlpack@1 to /home/tayron/.config/discord/0.0.30/modules/pending/discord_erlpack-1.zip: 88%
2023-10-03T10:18:24.923Z [Modules] Streaming discord_erlpack@1 to /home/tayron/.config/discord/0.0.30/modules/pending/discord_erlpack-1.zip: 90%
2023-10-03T10:18:24.926Z [Modules] Streaming discord_erlpack@1 to /home/tayron/.config/discord/0.0.30/modules/pending/discord_erlpack-1.zip: 93%
2023-10-03T10:18:24.930Z [Modules] Streaming discord_erlpack@1 to /home/tayron/.config/discord/0.0.30/modules/pending/discord_erlpack-1.zip: 95%
2023-10-03T10:18:24.933Z [Modules] Streaming discord_erlpack@1 to /home/tayron/.config/discord/0.0.30/modules/pending/discord_erlpack-1.zip: 97%
2023-10-03T10:18:24.936Z [Modules] Streaming discord_erlpack@1 to /home/tayron/.config/discord/0.0.30/modules/pending/discord_erlpack-1.zip: 100%
2023-10-03T10:18:24.938Z [Modules] Fetching discord_spellcheck@1 from https://discord.com/api/modules/stable/discord_spellcheck/1
2023-10-03T10:18:24.938Z [Modules] Streaming discord_spellcheck@1 to /home/tayron/.config/discord/0.0.30/modules/pending/discord_spellcheck-1.zip
2023-10-03T10:18:25.373Z [Modules] Streaming discord_spellcheck@1 to /home/tayron/.config/discord/0.0.30/modules/pending/discord_spellcheck-1.zip: 1%
2023-10-03T10:18:25.379Z [Modules] Streaming discord_spellcheck@1 to /home/tayron/.config/discord/0.0.30/modules/pending/discord_spellcheck-1.zip: 2%
2023-10-03T10:18:25.386Z [Modules] Streaming discord_spellcheck@1 to /home/tayron/.config/discord/0.0.30/modules/pending/discord_spellcheck-1.zip: 3%
2023-10-03T10:18:25.396Z [Modules] Streaming discord_spellcheck@1 to /home/tayron/.config/discord/0.0.30/modules/pending/discord_spellcheck-1.zip: 4%
2023-10-03T10:18:25.402Z [Modules] Streaming discord_spellcheck@1 to /home/tayron/.config/discord/0.0.30/modules/pending/discord_spellcheck-1.zip: 5%
2023-10-03T10:18:25.412Z [Modules] Streaming discord_spellcheck@1 to /home/tayron/.config/discord/0.0.30/modules/pending/discord_spellcheck-1.zip: 6%
2023-10-03T10:18:25.422Z [Modules] Streaming discord_spellcheck@1 to /home/tayron/.config/discord/0.0.30/modules/pending/discord_spellcheck-1.zip: 7%
2023-10-03T10:18:25.428Z [Modules] Streaming discord_spellcheck@1 to /home/tayron/.config/discord/0.0.30/modules/pending/discord_spellcheck-1.zip: 8%
2023-10-03T10:18:25.438Z [Modules] Streaming discord_spellcheck@1 to /home/tayron/.config/discord/0.0.30/modules/pending/discord_spellcheck-1.zip: 9%
2023-10-03T10:18:25.445Z [Modules] Streaming discord_spellcheck@1 to /home/tayron/.config/discord/0.0.30/modules/pending/discord_spellcheck-1.zip: 10%
2023-10-03T10:18:25.464Z [Modules] Streaming discord_spellcheck@1 to /home/tayron/.config/discord/0.0.30/modules/pending/discord_spellcheck-1.zip: 11%
2023-10-03T10:18:25.474Z [Modules] Streaming discord_spellcheck@1 to /home/tayron/.config/discord/0.0.30/modules/pending/discord_spellcheck-1.zip: 12%
2023-10-03T10:18:25.487Z [Modules] Streaming discord_spellcheck@1 to /home/tayron/.config/discord/0.0.30/modules/pending/discord_spellcheck-1.zip: 13%
2023-10-03T10:18:25.497Z [Modules] Streaming discord_spellcheck@1 to /home/tayron/.config/discord/0.0.30/modules/pending/discord_spellcheck-1.zip: 14%
2023-10-03T10:18:25.510Z [Modules] Streaming discord_spellcheck@1 to /home/tayron/.config/discord/0.0.30/modules/pending/discord_spellcheck-1.zip: 15%
2023-10-03T10:18:25.580Z [Modules] Streaming discord_spellcheck@1 to /home/tayron/.config/discord/0.0.30/modules/pending/discord_spellcheck-1.zip: 16%
2023-10-03T10:18:25.596Z [Modules] Streaming discord_spellcheck@1 to /home/tayron/.config/discord/0.0.30/modules/pending/discord_spellcheck-1.zip: 17%
2023-10-03T10:18:25.603Z [Modules] Streaming discord_spellcheck@1 to /home/tayron/.config/discord/0.0.30/modules/pending/discord_spellcheck-1.zip: 18%
2023-10-03T10:18:25.639Z [Modules] Streaming discord_spellcheck@1 to /home/tayron/.config/discord/0.0.30/modules/pending/discord_spellcheck-1.zip: 19%
2023-10-03T10:18:25.649Z [Modules] Streaming discord_spellcheck@1 to /home/tayron/.config/discord/0.0.30/modules/pending/discord_spellcheck-1.zip: 20%
2023-10-03T10:18:25.655Z [Modules] Streaming discord_spellcheck@1 to /home/tayron/.config/discord/0.0.30/modules/pending/discord_spellcheck-1.zip: 21%
2023-10-03T10:18:25.665Z [Modules] Streaming discord_spellcheck@1 to /home/tayron/.config/discord/0.0.30/modules/pending/discord_spellcheck-1.zip: 22%
2023-10-03T10:18:25.675Z [Modules] Streaming discord_spellcheck@1 to /home/tayron/.config/discord/0.0.30/modules/pending/discord_spellcheck-1.zip: 23%
2023-10-03T10:18:25.682Z [Modules] Streaming discord_spellcheck@1 to /home/tayron/.config/discord/0.0.30/modules/pending/discord_spellcheck-1.zip: 24%
2023-10-03T10:18:25.691Z [Modules] Streaming discord_spellcheck@1 to /home/tayron/.config/discord/0.0.30/modules/pending/discord_spellcheck-1.zip: 25%
2023-10-03T10:18:25.702Z [Modules] Streaming discord_spellcheck@1 to /home/tayron/.config/discord/0.0.30/modules/pending/discord_spellcheck-1.zip: 26%
2023-10-03T10:18:25.734Z [Modules] Streaming discord_spellcheck@1 to /home/tayron/.config/discord/0.0.30/modules/pending/discord_spellcheck-1.zip: 27%
2023-10-03T10:18:25.743Z [Modules] Streaming discord_spellcheck@1 to /home/tayron/.config/discord/0.0.30/modules/pending/discord_spellcheck-1.zip: 28%
2023-10-03T10:18:25.756Z [Modules] Streaming discord_spellcheck@1 to /home/tayron/.config/discord/0.0.30/modules/pending/discord_spellcheck-1.zip: 29%
2023-10-03T10:18:25.763Z [Modules] Streaming discord_spellcheck@1 to /home/tayron/.config/discord/0.0.30/modules/pending/discord_spellcheck-1.zip: 30%
2023-10-03T10:18:25.779Z [Modules] Streaming discord_spellcheck@1 to /home/tayron/.config/discord/0.0.30/modules/pending/discord_spellcheck-1.zip: 31%
2023-10-03T10:18:25.792Z [Modules] Streaming discord_spellcheck@1 to /home/tayron/.config/discord/0.0.30/modules/pending/discord_spellcheck-1.zip: 32%
2023-10-03T10:18:25.808Z [Modules] Streaming discord_spellcheck@1 to /home/tayron/.config/discord/0.0.30/modules/pending/discord_spellcheck-1.zip: 33%
2023-10-03T10:18:25.818Z [Modules] Streaming discord_spellcheck@1 to /home/tayron/.config/discord/0.0.30/modules/pending/discord_spellcheck-1.zip: 34%
2023-10-03T10:18:25.828Z [Modules] Streaming discord_spellcheck@1 to /home/tayron/.config/discord/0.0.30/modules/pending/discord_spellcheck-1.zip: 35%
2023-10-03T10:18:25.835Z [Modules] Streaming discord_spellcheck@1 to /home/tayron/.config/discord/0.0.30/modules/pending/discord_spellcheck-1.zip: 36%
2023-10-03T10:18:25.847Z [Modules] Streaming discord_spellcheck@1 to /home/tayron/.config/discord/0.0.30/modules/pending/discord_spellcheck-1.zip: 37%
2023-10-03T10:18:25.860Z [Modules] Streaming discord_spellcheck@1 to /home/tayron/.config/discord/0.0.30/modules/pending/discord_spellcheck-1.zip: 38%
2023-10-03T10:18:25.867Z [Modules] Streaming discord_spellcheck@1 to /home/tayron/.config/discord/0.0.30/modules/pending/discord_spellcheck-1.zip: 39%
2023-10-03T10:18:25.877Z [Modules] Streaming discord_spellcheck@1 to /home/tayron/.config/discord/0.0.30/modules/pending/discord_spellcheck-1.zip: 40%
2023-10-03T10:18:25.890Z [Modules] Streaming discord_spellcheck@1 to /home/tayron/.config/discord/0.0.30/modules/pending/discord_spellcheck-1.zip: 41%
2023-10-03T10:18:25.903Z [Modules] Streaming discord_spellcheck@1 to /home/tayron/.config/discord/0.0.30/modules/pending/discord_spellcheck-1.zip: 42%
2023-10-03T10:18:25.909Z [Modules] Streaming discord_spellcheck@1 to /home/tayron/.config/discord/0.0.30/modules/pending/discord_spellcheck-1.zip: 43%
2023-10-03T10:18:25.977Z [Modules] Streaming discord_spellcheck@1 to /home/tayron/.config/discord/0.0.30/modules/pending/discord_spellcheck-1.zip: 44%
2023-10-03T10:18:25.987Z [Modules] Streaming discord_spellcheck@1 to /home/tayron/.config/discord/0.0.30/modules/pending/discord_spellcheck-1.zip: 45%
2023-10-03T10:18:25.996Z [Modules] Streaming discord_spellcheck@1 to /home/tayron/.config/discord/0.0.30/modules/pending/discord_spellcheck-1.zip: 46%
2023-10-03T10:18:26.006Z [Modules] Streaming discord_spellcheck@1 to /home/tayron/.config/discord/0.0.30/modules/pending/discord_spellcheck-1.zip: 47%
2023-10-03T10:18:26.016Z [Modules] Streaming discord_spellcheck@1 to /home/tayron/.config/discord/0.0.30/modules/pending/discord_spellcheck-1.zip: 48%
2023-10-03T10:18:26.026Z [Modules] Streaming discord_spellcheck@1 to /home/tayron/.config/discord/0.0.30/modules/pending/discord_spellcheck-1.zip: 49%
2023-10-03T10:18:26.032Z [Modules] Streaming discord_spellcheck@1 to /home/tayron/.config/discord/0.0.30/modules/pending/discord_spellcheck-1.zip: 50%
2023-10-03T10:18:26.042Z [Modules] Streaming discord_spellcheck@1 to /home/tayron/.config/discord/0.0.30/modules/pending/discord_spellcheck-1.zip: 51%
2023-10-03T10:18:26.058Z [Modules] Streaming discord_spellcheck@1 to /home/tayron/.config/discord/0.0.30/modules/pending/discord_spellcheck-1.zip: 52%
2023-10-03T10:18:26.065Z [Modules] Streaming discord_spellcheck@1 to /home/tayron/.config/discord/0.0.30/modules/pending/discord_spellcheck-1.zip: 53%
2023-10-03T10:18:26.071Z [Modules] Streaming discord_spellcheck@1 to /home/tayron/.config/discord/0.0.30/modules/pending/discord_spellcheck-1.zip: 54%
2023-10-03T10:18:26.081Z [Modules] Streaming discord_spellcheck@1 to /home/tayron/.config/discord/0.0.30/modules/pending/discord_spellcheck-1.zip: 55%
2023-10-03T10:18:26.088Z [Modules] Streaming discord_spellcheck@1 to /home/tayron/.config/discord/0.0.30/modules/pending/discord_spellcheck-1.zip: 56%
2023-10-03T10:18:26.107Z [Modules] Streaming discord_spellcheck@1 to /home/tayron/.config/discord/0.0.30/modules/pending/discord_spellcheck-1.zip: 57%
2023-10-03T10:18:26.114Z [Modules] Streaming discord_spellcheck@1 to /home/tayron/.config/discord/0.0.30/modules/pending/discord_spellcheck-1.zip: 58%
2023-10-03T10:18:26.123Z [Modules] Streaming discord_spellcheck@1 to /home/tayron/.config/discord/0.0.30/modules/pending/discord_spellcheck-1.zip: 59%
2023-10-03T10:18:26.134Z [Modules] Streaming discord_spellcheck@1 to /home/tayron/.config/discord/0.0.30/modules/pending/discord_spellcheck-1.zip: 60%
2023-10-03T10:18:26.140Z [Modules] Streaming discord_spellcheck@1 to /home/tayron/.config/discord/0.0.30/modules/pending/discord_spellcheck-1.zip: 61%
2023-10-03T10:18:26.155Z [Modules] Streaming discord_spellcheck@1 to /home/tayron/.config/discord/0.0.30/modules/pending/discord_spellcheck-1.zip: 62%
2023-10-03T10:18:26.166Z [Modules] Streaming discord_spellcheck@1 to /home/tayron/.config/discord/0.0.30/modules/pending/discord_spellcheck-1.zip: 63%
2023-10-03T10:18:26.172Z [Modules] Streaming discord_spellcheck@1 to /home/tayron/.config/discord/0.0.30/modules/pending/discord_spellcheck-1.zip: 64%
2023-10-03T10:18:26.179Z [Modules] Streaming discord_spellcheck@1 to /home/tayron/.config/discord/0.0.30/modules/pending/discord_spellcheck-1.zip: 65%
2023-10-03T10:18:26.189Z [Modules] Streaming discord_spellcheck@1 to /home/tayron/.config/discord/0.0.30/modules/pending/discord_spellcheck-1.zip: 66%
2023-10-03T10:18:26.195Z [Modules] Streaming discord_spellcheck@1 to /home/tayron/.config/discord/0.0.30/modules/pending/discord_spellcheck-1.zip: 67%
2023-10-03T10:18:26.214Z [Modules] Streaming discord_spellcheck@1 to /home/tayron/.config/discord/0.0.30/modules/pending/discord_spellcheck-1.zip: 68%
2023-10-03T10:18:26.220Z [Modules] Streaming discord_spellcheck@1 to /home/tayron/.config/discord/0.0.30/modules/pending/discord_spellcheck-1.zip: 69%
2023-10-03T10:18:26.253Z [Modules] Streaming discord_spellcheck@1 to /home/tayron/.config/discord/0.0.30/modules/pending/discord_spellcheck-1.zip: 70%
2023-10-03T10:18:26.260Z [Modules] Streaming discord_spellcheck@1 to /home/tayron/.config/discord/0.0.30/modules/pending/discord_spellcheck-1.zip: 71%
2023-10-03T10:18:26.270Z [Modules] Streaming discord_spellcheck@1 to /home/tayron/.config/discord/0.0.30/modules/pending/discord_spellcheck-1.zip: 72%
2023-10-03T10:18:26.276Z [Modules] Streaming discord_spellcheck@1 to /home/tayron/.config/discord/0.0.30/modules/pending/discord_spellcheck-1.zip: 73%
2023-10-03T10:18:26.286Z [Modules] Streaming discord_spellcheck@1 to /home/tayron/.config/discord/0.0.30/modules/pending/discord_spellcheck-1.zip: 74%
2023-10-03T10:18:26.296Z [Modules] Streaming discord_spellcheck@1 to /home/tayron/.config/discord/0.0.30/modules/pending/discord_spellcheck-1.zip: 75%
2023-10-03T10:18:26.302Z [Modules] Streaming discord_spellcheck@1 to /home/tayron/.config/discord/0.0.30/modules/pending/discord_spellcheck-1.zip: 76%
2023-10-03T10:18:26.308Z [Modules] Streaming discord_spellcheck@1 to /home/tayron/.config/discord/0.0.30/modules/pending/discord_spellcheck-1.zip: 77%
2023-10-03T10:18:26.328Z [Modules] Streaming discord_spellcheck@1 to /home/tayron/.config/discord/0.0.30/modules/pending/discord_spellcheck-1.zip: 78%
2023-10-03T10:18:26.338Z [Modules] Streaming discord_spellcheck@1 to /home/tayron/.config/discord/0.0.30/modules/pending/discord_spellcheck-1.zip: 79%
2023-10-03T10:18:26.348Z [Modules] Streaming discord_spellcheck@1 to /home/tayron/.config/discord/0.0.30/modules/pending/discord_spellcheck-1.zip: 80%
2023-10-03T10:18:26.357Z [Modules] Streaming discord_spellcheck@1 to /home/tayron/.config/discord/0.0.30/modules/pending/discord_spellcheck-1.zip: 81%
2023-10-03T10:18:26.364Z [Modules] Streaming discord_spellcheck@1 to /home/tayron/.config/discord/0.0.30/modules/pending/discord_spellcheck-1.zip: 82%
2023-10-03T10:18:26.379Z [Modules] Streaming discord_spellcheck@1 to /home/tayron/.config/discord/0.0.30/modules/pending/discord_spellcheck-1.zip: 83%
2023-10-03T10:18:26.393Z [Modules] Streaming discord_spellcheck@1 to /home/tayron/.config/discord/0.0.30/modules/pending/discord_spellcheck-1.zip: 84%
2023-10-03T10:18:26.400Z [Modules] Streaming discord_spellcheck@1 to /home/tayron/.config/discord/0.0.30/modules/pending/discord_spellcheck-1.zip: 85%
2023-10-03T10:18:26.417Z [Modules] Streaming discord_spellcheck@1 to /home/tayron/.config/discord/0.0.30/modules/pending/discord_spellcheck-1.zip: 86%
2023-10-03T10:18:26.423Z [Modules] Streaming discord_spellcheck@1 to /home/tayron/.config/discord/0.0.30/modules/pending/discord_spellcheck-1.zip: 87%
2023-10-03T10:18:26.433Z [Modules] Streaming discord_spellcheck@1 to /home/tayron/.config/discord/0.0.30/modules/pending/discord_spellcheck-1.zip: 88%
2023-10-03T10:18:26.442Z [Modules] Streaming discord_spellcheck@1 to /home/tayron/.config/discord/0.0.30/modules/pending/discord_spellcheck-1.zip: 89%
2023-10-03T10:18:26.452Z [Modules] Streaming discord_spellcheck@1 to /home/tayron/.config/discord/0.0.30/modules/pending/discord_spellcheck-1.zip: 90%
2023-10-03T10:18:26.465Z [Modules] Streaming discord_spellcheck@1 to /home/tayron/.config/discord/0.0.30/modules/pending/discord_spellcheck-1.zip: 91%
2023-10-03T10:18:26.472Z [Modules] Streaming discord_spellcheck@1 to /home/tayron/.config/discord/0.0.30/modules/pending/discord_spellcheck-1.zip: 92%
2023-10-03T10:18:26.488Z [Modules] Streaming discord_spellcheck@1 to /home/tayron/.config/discord/0.0.30/modules/pending/discord_spellcheck-1.zip: 93%
2023-10-03T10:18:26.498Z [Modules] Streaming discord_spellcheck@1 to /home/tayron/.config/discord/0.0.30/modules/pending/discord_spellcheck-1.zip: 94%
2023-10-03T10:18:26.511Z [Modules] Streaming discord_spellcheck@1 to /home/tayron/.config/discord/0.0.30/modules/pending/discord_spellcheck-1.zip: 95%
2023-10-03T10:18:26.524Z [Modules] Streaming discord_spellcheck@1 to /home/tayron/.config/discord/0.0.30/modules/pending/discord_spellcheck-1.zip: 96%
2023-10-03T10:18:26.534Z [Modules] Streaming discord_spellcheck@1 to /home/tayron/.config/discord/0.0.30/modules/pending/discord_spellcheck-1.zip: 97%
2023-10-03T10:18:26.576Z [Modules] Streaming discord_spellcheck@1 to /home/tayron/.config/discord/0.0.30/modules/pending/discord_spellcheck-1.zip: 98%
2023-10-03T10:18:26.586Z [Modules] Streaming discord_spellcheck@1 to /home/tayron/.config/discord/0.0.30/modules/pending/discord_spellcheck-1.zip: 99%
2023-10-03T10:18:26.595Z [Modules] Streaming discord_spellcheck@1 to /home/tayron/.config/discord/0.0.30/modules/pending/discord_spellcheck-1.zip: 100%
2023-10-03T10:18:26.597Z [Modules] Fetching discord_utils@1 from https://discord.com/api/modules/stable/discord_utils/1
2023-10-03T10:18:26.597Z [Modules] Streaming discord_utils@1 to /home/tayron/.config/discord/0.0.30/modules/pending/discord_utils-1.zip
2023-10-03T10:18:26.770Z [Modules] Streaming discord_utils@1 to /home/tayron/.config/discord/0.0.30/modules/pending/discord_utils-1.zip: 1%
2023-10-03T10:18:26.774Z [Modules] Streaming discord_utils@1 to /home/tayron/.config/discord/0.0.30/modules/pending/discord_utils-1.zip: 2%
2023-10-03T10:18:26.777Z [Modules] Streaming discord_utils@1 to /home/tayron/.config/discord/0.0.30/modules/pending/discord_utils-1.zip: 3%
2023-10-03T10:18:26.780Z [Modules] Streaming discord_utils@1 to /home/tayron/.config/discord/0.0.30/modules/pending/discord_utils-1.zip: 4%
2023-10-03T10:18:26.784Z [Modules] Streaming discord_utils@1 to /home/tayron/.config/discord/0.0.30/modules/pending/discord_utils-1.zip: 5%
2023-10-03T10:18:26.787Z [Modules] Streaming discord_utils@1 to /home/tayron/.config/discord/0.0.30/modules/pending/discord_utils-1.zip: 6%
2023-10-03T10:18:26.797Z [Modules] Streaming discord_utils@1 to /home/tayron/.config/discord/0.0.30/modules/pending/discord_utils-1.zip: 8%
2023-10-03T10:18:26.800Z [Modules] Streaming discord_utils@1 to /home/tayron/.config/discord/0.0.30/modules/pending/discord_utils-1.zip: 9%
2023-10-03T10:18:26.806Z [Modules] Streaming discord_utils@1 to /home/tayron/.config/discord/0.0.30/modules/pending/discord_utils-1.zip: 10%
2023-10-03T10:18:26.810Z [Modules] Streaming discord_utils@1 to /home/tayron/.config/discord/0.0.30/modules/pending/discord_utils-1.zip: 12%
2023-10-03T10:18:26.813Z [Modules] Streaming discord_utils@1 to /home/tayron/.config/discord/0.0.30/modules/pending/discord_utils-1.zip: 13%
2023-10-03T10:18:26.826Z [Modules] Streaming discord_utils@1 to /home/tayron/.config/discord/0.0.30/modules/pending/discord_utils-1.zip: 14%
2023-10-03T10:18:26.829Z [Modules] Streaming discord_utils@1 to /home/tayron/.config/discord/0.0.30/modules/pending/discord_utils-1.zip: 15%
2023-10-03T10:18:26.833Z [Modules] Streaming discord_utils@1 to /home/tayron/.config/discord/0.0.30/modules/pending/discord_utils-1.zip: 16%
2023-10-03T10:18:26.836Z [Modules] Streaming discord_utils@1 to /home/tayron/.config/discord/0.0.30/modules/pending/discord_utils-1.zip: 17%
2023-10-03T10:18:26.839Z [Modules] Streaming discord_utils@1 to /home/tayron/.config/discord/0.0.30/modules/pending/discord_utils-1.zip: 18%
2023-10-03T10:18:26.842Z [Modules] Streaming discord_utils@1 to /home/tayron/.config/discord/0.0.30/modules/pending/discord_utils-1.zip: 19%
2023-10-03T10:18:26.881Z [Modules] Streaming discord_utils@1 to /home/tayron/.config/discord/0.0.30/modules/pending/discord_utils-1.zip: 20%
2023-10-03T10:18:26.885Z [Modules] Streaming discord_utils@1 to /home/tayron/.config/discord/0.0.30/modules/pending/discord_utils-1.zip: 21%
2023-10-03T10:18:26.888Z [Modules] Streaming discord_utils@1 to /home/tayron/.config/discord/0.0.30/modules/pending/discord_utils-1.zip: 23%
2023-10-03T10:18:26.894Z [Modules] Streaming discord_utils@1 to /home/tayron/.config/discord/0.0.30/modules/pending/discord_utils-1.zip: 24%
2023-10-03T10:18:26.898Z [Modules] Streaming discord_utils@1 to /home/tayron/.config/discord/0.0.30/modules/pending/discord_utils-1.zip: 25%
2023-10-03T10:18:26.901Z [Modules] Streaming discord_utils@1 to /home/tayron/.config/discord/0.0.30/modules/pending/discord_utils-1.zip: 26%
2023-10-03T10:18:26.904Z [Modules] Streaming discord_utils@1 to /home/tayron/.config/discord/0.0.30/modules/pending/discord_utils-1.zip: 28%
2023-10-03T10:18:26.918Z [Modules] Streaming discord_utils@1 to /home/tayron/.config/discord/0.0.30/modules/pending/discord_utils-1.zip: 29%
2023-10-03T10:18:26.921Z [Modules] Streaming discord_utils@1 to /home/tayron/.config/discord/0.0.30/modules/pending/discord_utils-1.zip: 30%
2023-10-03T10:18:26.924Z [Modules] Streaming discord_utils@1 to /home/tayron/.config/discord/0.0.30/modules/pending/discord_utils-1.zip: 31%
2023-10-03T10:18:26.927Z [Modules] Streaming discord_utils@1 to /home/tayron/.config/discord/0.0.30/modules/pending/discord_utils-1.zip: 33%
2023-10-03T10:18:26.931Z [Modules] Streaming discord_utils@1 to /home/tayron/.config/discord/0.0.30/modules/pending/discord_utils-1.zip: 34%
2023-10-03T10:18:26.934Z [Modules] Streaming discord_utils@1 to /home/tayron/.config/discord/0.0.30/modules/pending/discord_utils-1.zip: 35%
2023-10-03T10:18:26.937Z [Modules] Streaming discord_utils@1 to /home/tayron/.config/discord/0.0.30/modules/pending/discord_utils-1.zip: 36%
2023-10-03T10:18:26.940Z [Modules] Streaming discord_utils@1 to /home/tayron/.config/discord/0.0.30/modules/pending/discord_utils-1.zip: 37%
2023-10-03T10:18:26.944Z [Modules] Streaming discord_utils@1 to /home/tayron/.config/discord/0.0.30/modules/pending/discord_utils-1.zip: 38%
2023-10-03T10:18:26.947Z [Modules] Streaming discord_utils@1 to /home/tayron/.config/discord/0.0.30/modules/pending/discord_utils-1.zip: 39%
2023-10-03T10:18:26.950Z [Modules] Streaming discord_utils@1 to /home/tayron/.config/discord/0.0.30/modules/pending/discord_utils-1.zip: 40%
2023-10-03T10:18:26.953Z [Modules] Streaming discord_utils@1 to /home/tayron/.config/discord/0.0.30/modules/pending/discord_utils-1.zip: 41%
2023-10-03T10:18:26.956Z [Modules] Streaming discord_utils@1 to /home/tayron/.config/discord/0.0.30/modules/pending/discord_utils-1.zip: 42%
2023-10-03T10:18:26.960Z [Modules] Streaming discord_utils@1 to /home/tayron/.config/discord/0.0.30/modules/pending/discord_utils-1.zip: 43%
2023-10-03T10:18:26.967Z [Modules] Streaming discord_utils@1 to /home/tayron/.config/discord/0.0.30/modules/pending/discord_utils-1.zip: 45%
2023-10-03T10:18:26.970Z [Modules] Streaming discord_utils@1 to /home/tayron/.config/discord/0.0.30/modules/pending/discord_utils-1.zip: 46%
2023-10-03T10:18:26.976Z [Modules] Streaming discord_utils@1 to /home/tayron/.config/discord/0.0.30/modules/pending/discord_utils-1.zip: 47%
2023-10-03T10:18:26.983Z [Modules] Streaming discord_utils@1 to /home/tayron/.config/discord/0.0.30/modules/pending/discord_utils-1.zip: 48%
2023-10-03T10:18:26.986Z [Modules] Streaming discord_utils@1 to /home/tayron/.config/discord/0.0.30/modules/pending/discord_utils-1.zip: 49%
2023-10-03T10:18:26.993Z [Modules] Streaming discord_utils@1 to /home/tayron/.config/discord/0.0.30/modules/pending/discord_utils-1.zip: 51%
2023-10-03T10:18:26.996Z [Modules] Streaming discord_utils@1 to /home/tayron/.config/discord/0.0.30/modules/pending/discord_utils-1.zip: 52%
2023-10-03T10:18:26.999Z [Modules] Streaming discord_utils@1 to /home/tayron/.config/discord/0.0.30/modules/pending/discord_utils-1.zip: 53%
2023-10-03T10:18:27.002Z [Modules] Streaming discord_utils@1 to /home/tayron/.config/discord/0.0.30/modules/pending/discord_utils-1.zip: 54%
2023-10-03T10:18:27.005Z [Modules] Streaming discord_utils@1 to /home/tayron/.config/discord/0.0.30/modules/pending/discord_utils-1.zip: 55%
2023-10-03T10:18:27.009Z [Modules] Streaming discord_utils@1 to /home/tayron/.config/discord/0.0.30/modules/pending/discord_utils-1.zip: 57%
2023-10-03T10:18:27.014Z [Modules] Streaming discord_utils@1 to /home/tayron/.config/discord/0.0.30/modules/pending/discord_utils-1.zip: 59%
2023-10-03T10:18:27.019Z [Modules] Streaming discord_utils@1 to /home/tayron/.config/discord/0.0.30/modules/pending/discord_utils-1.zip: 60%
2023-10-03T10:18:27.022Z [Modules] Streaming discord_utils@1 to /home/tayron/.config/discord/0.0.30/modules/pending/discord_utils-1.zip: 61%
2023-10-03T10:18:27.025Z [Modules] Streaming discord_utils@1 to /home/tayron/.config/discord/0.0.30/modules/pending/discord_utils-1.zip: 62%
2023-10-03T10:18:27.028Z [Modules] Streaming discord_utils@1 to /home/tayron/.config/discord/0.0.30/modules/pending/discord_utils-1.zip: 64%
2023-10-03T10:18:27.032Z [Modules] Streaming discord_utils@1 to /home/tayron/.config/discord/0.0.30/modules/pending/discord_utils-1.zip: 65%
2023-10-03T10:18:27.038Z [Modules] Streaming discord_utils@1 to /home/tayron/.config/discord/0.0.30/modules/pending/discord_utils-1.zip: 66%
2023-10-03T10:18:27.045Z [Modules] Streaming discord_utils@1 to /home/tayron/.config/discord/0.0.30/modules/pending/discord_utils-1.zip: 67%
2023-10-03T10:18:27.048Z [Modules] Streaming discord_utils@1 to /home/tayron/.config/discord/0.0.30/modules/pending/discord_utils-1.zip: 68%
2023-10-03T10:18:27.052Z [Modules] Streaming discord_utils@1 to /home/tayron/.config/discord/0.0.30/modules/pending/discord_utils-1.zip: 69%
2023-10-03T10:18:27.054Z [Modules] Streaming discord_utils@1 to /home/tayron/.config/discord/0.0.30/modules/pending/discord_utils-1.zip: 70%
2023-10-03T10:18:27.058Z [Modules] Streaming discord_utils@1 to /home/tayron/.config/discord/0.0.30/modules/pending/discord_utils-1.zip: 71%
2023-10-03T10:18:27.061Z [Modules] Streaming discord_utils@1 to /home/tayron/.config/discord/0.0.30/modules/pending/discord_utils-1.zip: 73%
2023-10-03T10:18:27.068Z [Modules] Streaming discord_utils@1 to /home/tayron/.config/discord/0.0.30/modules/pending/discord_utils-1.zip: 74%
2023-10-03T10:18:27.071Z [Modules] Streaming discord_utils@1 to /home/tayron/.config/discord/0.0.30/modules/pending/discord_utils-1.zip: 75%
2023-10-03T10:18:27.074Z [Modules] Streaming discord_utils@1 to /home/tayron/.config/discord/0.0.30/modules/pending/discord_utils-1.zip: 76%
2023-10-03T10:18:27.077Z [Modules] Streaming discord_utils@1 to /home/tayron/.config/discord/0.0.30/modules/pending/discord_utils-1.zip: 77%
2023-10-03T10:18:27.081Z [Modules] Streaming discord_utils@1 to /home/tayron/.config/discord/0.0.30/modules/pending/discord_utils-1.zip: 78%
2023-10-03T10:18:27.084Z [Modules] Streaming discord_utils@1 to /home/tayron/.config/discord/0.0.30/modules/pending/discord_utils-1.zip: 79%
2023-10-03T10:18:27.087Z [Modules] Streaming discord_utils@1 to /home/tayron/.config/discord/0.0.30/modules/pending/discord_utils-1.zip: 81%
2023-10-03T10:18:27.094Z [Modules] Streaming discord_utils@1 to /home/tayron/.config/discord/0.0.30/modules/pending/discord_utils-1.zip: 82%
2023-10-03T10:18:27.100Z [Modules] Streaming discord_utils@1 to /home/tayron/.config/discord/0.0.30/modules/pending/discord_utils-1.zip: 83%
2023-10-03T10:18:27.103Z [Modules] Streaming discord_utils@1 to /home/tayron/.config/discord/0.0.30/modules/pending/discord_utils-1.zip: 84%
2023-10-03T10:18:27.110Z [Modules] Streaming discord_utils@1 to /home/tayron/.config/discord/0.0.30/modules/pending/discord_utils-1.zip: 86%
2023-10-03T10:18:27.113Z [Modules] Streaming discord_utils@1 to /home/tayron/.config/discord/0.0.30/modules/pending/discord_utils-1.zip: 87%
2023-10-03T10:18:27.130Z [Modules] Streaming discord_utils@1 to /home/tayron/.config/discord/0.0.30/modules/pending/discord_utils-1.zip: 88%
2023-10-03T10:18:27.133Z [Modules] Streaming discord_utils@1 to /home/tayron/.config/discord/0.0.30/modules/pending/discord_utils-1.zip: 89%
2023-10-03T10:18:27.136Z [Modules] Streaming discord_utils@1 to /home/tayron/.config/discord/0.0.30/modules/pending/discord_utils-1.zip: 90%
2023-10-03T10:18:27.139Z [Modules] Streaming discord_utils@1 to /home/tayron/.config/discord/0.0.30/modules/pending/discord_utils-1.zip: 91%
2023-10-03T10:18:27.146Z [Modules] Streaming discord_utils@1 to /home/tayron/.config/discord/0.0.30/modules/pending/discord_utils-1.zip: 92%
2023-10-03T10:18:27.171Z [Modules] Streaming discord_utils@1 to /home/tayron/.config/discord/0.0.30/modules/pending/discord_utils-1.zip: 94%
2023-10-03T10:18:27.172Z [Modules] Streaming discord_utils@1 to /home/tayron/.config/discord/0.0.30/modules/pending/discord_utils-1.zip: 95%
2023-10-03T10:18:27.175Z [Modules] Streaming discord_utils@1 to /home/tayron/.config/discord/0.0.30/modules/pending/discord_utils-1.zip: 96%
2023-10-03T10:18:27.178Z [Modules] Streaming discord_utils@1 to /home/tayron/.config/discord/0.0.30/modules/pending/discord_utils-1.zip: 97%
2023-10-03T10:18:27.182Z [Modules] Streaming discord_utils@1 to /home/tayron/.config/discord/0.0.30/modules/pending/discord_utils-1.zip: 98%
2023-10-03T10:18:27.185Z [Modules] Streaming discord_utils@1 to /home/tayron/.config/discord/0.0.30/modules/pending/discord_utils-1.zip: 99%
2023-10-03T10:18:27.187Z [Modules] Streaming discord_utils@1 to /home/tayron/.config/discord/0.0.30/modules/pending/discord_utils-1.zip: 100%
2023-10-03T10:18:27.189Z [Modules] Fetching discord_voice@4 from https://discord.com/api/modules/stable/discord_voice/4
2023-10-03T10:18:27.189Z [Modules] Streaming discord_voice@4 to /home/tayron/.config/discord/0.0.30/modules/pending/discord_voice-4.zip
2023-10-03T10:18:27.358Z [Modules] Streaming discord_voice@4 to /home/tayron/.config/discord/0.0.30/modules/pending/discord_voice-4.zip: 1%
2023-10-03T10:18:27.380Z [Modules] Streaming discord_voice@4 to /home/tayron/.config/discord/0.0.30/modules/pending/discord_voice-4.zip: 2%
2023-10-03T10:18:27.397Z [Modules] Streaming discord_voice@4 to /home/tayron/.config/discord/0.0.30/modules/pending/discord_voice-4.zip: 3%
2023-10-03T10:18:27.420Z [Modules] Streaming discord_voice@4 to /home/tayron/.config/discord/0.0.30/modules/pending/discord_voice-4.zip: 4%
2023-10-03T10:18:27.436Z [Modules] Streaming discord_voice@4 to /home/tayron/.config/discord/0.0.30/modules/pending/discord_voice-4.zip: 5%
2023-10-03T10:18:27.478Z [Modules] Streaming discord_voice@4 to /home/tayron/.config/discord/0.0.30/modules/pending/discord_voice-4.zip: 6%
2023-10-03T10:18:27.495Z [Modules] Streaming discord_voice@4 to /home/tayron/.config/discord/0.0.30/modules/pending/discord_voice-4.zip: 7%
2023-10-03T10:18:27.518Z [Modules] Streaming discord_voice@4 to /home/tayron/.config/discord/0.0.30/modules/pending/discord_voice-4.zip: 8%
2023-10-03T10:18:27.537Z [Modules] Streaming discord_voice@4 to /home/tayron/.config/discord/0.0.30/modules/pending/discord_voice-4.zip: 9%
2023-10-03T10:18:27.563Z [Modules] Streaming discord_voice@4 to /home/tayron/.config/discord/0.0.30/modules/pending/discord_voice-4.zip: 10%
2023-10-03T10:18:27.587Z [Modules] Streaming discord_voice@4 to /home/tayron/.config/discord/0.0.30/modules/pending/discord_voice-4.zip: 11%
2023-10-03T10:18:27.609Z [Modules] Streaming discord_voice@4 to /home/tayron/.config/discord/0.0.30/modules/pending/discord_voice-4.zip: 12%
2023-10-03T10:18:27.626Z [Modules] Streaming discord_voice@4 to /home/tayron/.config/discord/0.0.30/modules/pending/discord_voice-4.zip: 13%
2023-10-03T10:18:27.652Z [Modules] Streaming discord_voice@4 to /home/tayron/.config/discord/0.0.30/modules/pending/discord_voice-4.zip: 14%
2023-10-03T10:18:27.671Z [Modules] Streaming discord_voice@4 to /home/tayron/.config/discord/0.0.30/modules/pending/discord_voice-4.zip: 15%
2023-10-03T10:18:27.691Z [Modules] Streaming discord_voice@4 to /home/tayron/.config/discord/0.0.30/modules/pending/discord_voice-4.zip: 16%
2023-10-03T10:18:27.711Z [Modules] Streaming discord_voice@4 to /home/tayron/.config/discord/0.0.30/modules/pending/discord_voice-4.zip: 17%
2023-10-03T10:18:27.734Z [Modules] Streaming discord_voice@4 to /home/tayron/.config/discord/0.0.30/modules/pending/discord_voice-4.zip: 18%
2023-10-03T10:18:27.756Z [Modules] Streaming discord_voice@4 to /home/tayron/.config/discord/0.0.30/modules/pending/discord_voice-4.zip: 19%
2023-10-03T10:18:27.799Z [Modules] Streaming discord_voice@4 to /home/tayron/.config/discord/0.0.30/modules/pending/discord_voice-4.zip: 20%
2023-10-03T10:18:27.815Z [Modules] Streaming discord_voice@4 to /home/tayron/.config/discord/0.0.30/modules/pending/discord_voice-4.zip: 21%
2023-10-03T10:18:27.841Z [Modules] Streaming discord_voice@4 to /home/tayron/.config/discord/0.0.30/modules/pending/discord_voice-4.zip: 22%
2023-10-03T10:18:27.867Z [Modules] Streaming discord_voice@4 to /home/tayron/.config/discord/0.0.30/modules/pending/discord_voice-4.zip: 23%
2023-10-03T10:18:27.889Z [Modules] Streaming discord_voice@4 to /home/tayron/.config/discord/0.0.30/modules/pending/discord_voice-4.zip: 24%
2023-10-03T10:18:27.906Z [Modules] Streaming discord_voice@4 to /home/tayron/.config/discord/0.0.30/modules/pending/discord_voice-4.zip: 25%
2023-10-03T10:18:27.932Z [Modules] Streaming discord_voice@4 to /home/tayron/.config/discord/0.0.30/modules/pending/discord_voice-4.zip: 26%
2023-10-03T10:18:27.952Z [Modules] Streaming discord_voice@4 to /home/tayron/.config/discord/0.0.30/modules/pending/discord_voice-4.zip: 27%
2023-10-03T10:18:27.974Z [Modules] Streaming discord_voice@4 to /home/tayron/.config/discord/0.0.30/modules/pending/discord_voice-4.zip: 28%
2023-10-03T10:18:27.997Z [Modules] Streaming discord_voice@4 to /home/tayron/.config/discord/0.0.30/modules/pending/discord_voice-4.zip: 29%
2023-10-03T10:18:28.020Z [Modules] Streaming discord_voice@4 to /home/tayron/.config/discord/0.0.30/modules/pending/discord_voice-4.zip: 30%
2023-10-03T10:18:28.037Z [Modules] Streaming discord_voice@4 to /home/tayron/.config/discord/0.0.30/modules/pending/discord_voice-4.zip: 31%
2023-10-03T10:18:28.056Z [Modules] Streaming discord_voice@4 to /home/tayron/.config/discord/0.0.30/modules/pending/discord_voice-4.zip: 32%
2023-10-03T10:18:28.108Z [Modules] Streaming discord_voice@4 to /home/tayron/.config/discord/0.0.30/modules/pending/discord_voice-4.zip: 33%
2023-10-03T10:18:28.128Z [Modules] Streaming discord_voice@4 to /home/tayron/.config/discord/0.0.30/modules/pending/discord_voice-4.zip: 34%
2023-10-03T10:18:28.151Z [Modules] Streaming discord_voice@4 to /home/tayron/.config/discord/0.0.30/modules/pending/discord_voice-4.zip: 35%
2023-10-03T10:18:28.167Z [Modules] Streaming discord_voice@4 to /home/tayron/.config/discord/0.0.30/modules/pending/discord_voice-4.zip: 36%
2023-10-03T10:18:28.190Z [Modules] Streaming discord_voice@4 to /home/tayron/.config/discord/0.0.30/modules/pending/discord_voice-4.zip: 37%
2023-10-03T10:18:28.213Z [Modules] Streaming discord_voice@4 to /home/tayron/.config/discord/0.0.30/modules/pending/discord_voice-4.zip: 38%
2023-10-03T10:18:28.229Z [Modules] Streaming discord_voice@4 to /home/tayron/.config/discord/0.0.30/modules/pending/discord_voice-4.zip: 39%
2023-10-03T10:18:28.258Z [Modules] Streaming discord_voice@4 to /home/tayron/.config/discord/0.0.30/modules/pending/discord_voice-4.zip: 40%
2023-10-03T10:18:28.280Z [Modules] Streaming discord_voice@4 to /home/tayron/.config/discord/0.0.30/modules/pending/discord_voice-4.zip: 41%
2023-10-03T10:18:28.304Z [Modules] Streaming discord_voice@4 to /home/tayron/.config/discord/0.0.30/modules/pending/discord_voice-4.zip: 42%
2023-10-03T10:18:28.324Z [Modules] Streaming discord_voice@4 to /home/tayron/.config/discord/0.0.30/modules/pending/discord_voice-4.zip: 43%
2023-10-03T10:18:28.343Z [Modules] Streaming discord_voice@4 to /home/tayron/.config/discord/0.0.30/modules/pending/discord_voice-4.zip: 44%
2023-10-03T10:18:28.363Z [Modules] Streaming discord_voice@4 to /home/tayron/.config/discord/0.0.30/modules/pending/discord_voice-4.zip: 45%
2023-10-03T10:18:28.469Z [Modules] Streaming discord_voice@4 to /home/tayron/.config/discord/0.0.30/modules/pending/discord_voice-4.zip: 46%
2023-10-03T10:18:28.488Z [Modules] Streaming discord_voice@4 to /home/tayron/.config/discord/0.0.30/modules/pending/discord_voice-4.zip: 47%
2023-10-03T10:18:28.515Z [Modules] Streaming discord_voice@4 to /home/tayron/.config/discord/0.0.30/modules/pending/discord_voice-4.zip: 48%
2023-10-03T10:18:28.531Z [Modules] Streaming discord_voice@4 to /home/tayron/.config/discord/0.0.30/modules/pending/discord_voice-4.zip: 49%
2023-10-03T10:18:28.554Z [Modules] Streaming discord_voice@4 to /home/tayron/.config/discord/0.0.30/modules/pending/discord_voice-4.zip: 50%
2023-10-03T10:18:28.573Z [Modules] Streaming discord_voice@4 to /home/tayron/.config/discord/0.0.30/modules/pending/discord_voice-4.zip: 51%
2023-10-03T10:18:28.596Z [Modules] Streaming discord_voice@4 to /home/tayron/.config/discord/0.0.30/modules/pending/discord_voice-4.zip: 52%
2023-10-03T10:18:28.616Z [Modules] Streaming discord_voice@4 to /home/tayron/.config/discord/0.0.30/modules/pending/discord_voice-4.zip: 53%
2023-10-03T10:18:28.632Z [Modules] Streaming discord_voice@4 to /home/tayron/.config/discord/0.0.30/modules/pending/discord_voice-4.zip: 54%
2023-10-03T10:18:28.652Z [Modules] Streaming discord_voice@4 to /home/tayron/.config/discord/0.0.30/modules/pending/discord_voice-4.zip: 55%
2023-10-03T10:18:28.671Z [Modules] Streaming discord_voice@4 to /home/tayron/.config/discord/0.0.30/modules/pending/discord_voice-4.zip: 56%
2023-10-03T10:18:28.733Z [Modules] Streaming discord_voice@4 to /home/tayron/.config/discord/0.0.30/modules/pending/discord_voice-4.zip: 57%
2023-10-03T10:18:28.750Z [Modules] Streaming discord_voice@4 to /home/tayron/.config/discord/0.0.30/modules/pending/discord_voice-4.zip: 58%
2023-10-03T10:18:28.770Z [Modules] Streaming discord_voice@4 to /home/tayron/.config/discord/0.0.30/modules/pending/discord_voice-4.zip: 59%
2023-10-03T10:18:28.789Z [Modules] Streaming discord_voice@4 to /home/tayron/.config/discord/0.0.30/modules/pending/discord_voice-4.zip: 60%
2023-10-03T10:18:28.812Z [Modules] Streaming discord_voice@4 to /home/tayron/.config/discord/0.0.30/modules/pending/discord_voice-4.zip: 61%
2023-